app/build/outputs/mapping/release/mapping.txt
com.frostnerd.dnschanger.DNSChanger -> com.frostnerd.dnschanger.DNSChanger:
    java.lang.Thread$UncaughtExceptionHandler customHandler -> a
    java.lang.Thread$UncaughtExceptionHandler defaultHandler -> b
    18:20:void <init>() -> <init>
    34:34:boolean showErrorDialog(java.lang.Throwable) -> a
    39:44:void onCreate() -> onCreate
    48:50:void onLowMemory() -> onLowMemory
    54:56:void onTrimMemory(int) -> onTrimMemory
    60:64:void onTerminate() -> onTerminate
    67:67:java.lang.Thread$UncaughtExceptionHandler getExceptionHandler() -> a
    18:18:boolean access$000(com.frostnerd.dnschanger.DNSChanger,java.lang.Throwable) -> a
    18:18:java.lang.Thread$UncaughtExceptionHandler access$100(com.frostnerd.dnschanger.DNSChanger) -> a
com.frostnerd.dnschanger.DNSChanger$1 -> com.frostnerd.dnschanger.DNSChanger$1:
    com.frostnerd.dnschanger.DNSChanger this$0 -> a
    20:20:void <init>(com.frostnerd.dnschanger.DNSChanger) -> <init>
    23:29:void uncaughtException(java.lang.Thread,java.lang.Throwable) -> uncaughtException
com.frostnerd.dnschanger.LogFactory -> com.frostnerd.dnschanger.a:
    java.io.File logFile -> a
    java.io.File logDir -> b
    java.io.BufferedWriter fileWriter -> c
    boolean ready -> d
    boolean usable -> e
    boolean enabled -> f
    java.text.SimpleDateFormat DATE_TIME_FORMATTER -> g
    java.text.SimpleDateFormat TIMESTAMP_FORMATTER -> h
    51:87:java.io.File zipLogFiles(android.content.Context) -> a
    91:102:void enable(android.content.Context) -> b
    105:116:void disable() -> a
    120:126:void terminate() -> b
    139:177:boolean prepare(android.content.Context) -> c
    181:182:void writeMessage(android.content.Context,java.lang.String,java.lang.String,android.content.Intent) -> a
    185:186:void writeMessage(android.content.Context,java.lang.String[],java.lang.String,android.content.Intent) -> a
    189:190:void writeMessage(android.content.Context,java.lang.String,java.lang.String,android.content.Intent,boolean) -> a
    199:219:void writeMessage(android.content.Context,java.lang.String[],java.lang.String,android.content.Intent,boolean) -> a
    222:223:void writeMessage(android.content.Context,com.frostnerd.dnschanger.LogFactory$Tag,java.lang.String) -> a
    238:239:void writeMessage(android.content.Context,java.lang.String,java.lang.String) -> a
    242:243:void writeMessage(android.content.Context,java.lang.String[],java.lang.String) -> a
    253:257:void writeStackTrace(android.content.Context,java.lang.String[],java.lang.Throwable) -> a
com.frostnerd.dnschanger.LogFactory$1 -> com.frostnerd.dnschanger.a$1:
    56:56:void <init>() -> <init>
    59:59:boolean accept(java.io.File) -> accept
com.frostnerd.dnschanger.LogFactory$Tag -> com.frostnerd.dnschanger.a$a:
    com.frostnerd.dnschanger.LogFactory$Tag INFO -> a
    com.frostnerd.dnschanger.LogFactory$Tag ERROR -> b
    com.frostnerd.dnschanger.LogFactory$Tag MESSAGE -> c
    com.frostnerd.dnschanger.LogFactory$Tag NO_TAG -> d
    com.frostnerd.dnschanger.LogFactory$Tag[] $VALUES -> e
    362:362:com.frostnerd.dnschanger.LogFactory$Tag[] values() -> values
    362:362:com.frostnerd.dnschanger.LogFactory$Tag valueOf(java.lang.String) -> valueOf
    362:362:void <init>(java.lang.String,int) -> <init>
    362:363:void <clinit>() -> <clinit>
...
org.pcap4j.packet.factory.StaticIpV4OptionFactory -> org.a.b.a.o:
    org.pcap4j.packet.factory.StaticIpV4OptionFactory INSTANCE -> a
    java.util.Map instantiaters -> b
    35:135:void <init>() -> <init>
    142:142:org.pcap4j.packet.factory.StaticIpV4OptionFactory getInstance() -> b
    147:165:org.pcap4j.packet.IpV4Packet$IpV4Option newInstance(byte[],int,int,org.pcap4j.packet.namednumber.IpV4OptionType) -> a
    171:173:org.pcap4j.packet.IpV4Packet$IpV4Option newInstance(byte[],int,int) -> a
    179:183:java.lang.Class getTargetClass(org.pcap4j.packet.namednumber.IpV4OptionType) -> a
    188:188:java.lang.Class getTargetClass() -> a
    30:30:java.lang.Class getTargetClass(org.pcap4j.packet.namednumber.NamedNumber) -> a
    30:30:java.lang.Object newInstance(byte[],int,int) -> b
    30:30:java.lang.Object newInstance(byte[],int,int,org.pcap4j.packet.namednumber.NamedNumber) -> b
    33:33:void <clinit>() -> <clinit>
org.pcap4j.packet.factory.StaticIpV4OptionFactory$1 -> org.a.b.a.o$1:
    org.pcap4j.packet.factory.StaticIpV4OptionFactory this$0 -> a
    40:40:void <init>(org.pcap4j.packet.factory.StaticIpV4OptionFactory) -> <init>
    43:43:org.pcap4j.packet.IpV4Packet$IpV4Option newInstance(byte[],int,int) -> a
    47:47:java.lang.Class getTargetClass() -> a
org.pcap4j.packet.factory.StaticIpV4OptionFactory$2 -> org.a.b.a.o$2:
    org.pcap4j.packet.factory.StaticIpV4OptionFactory this$0 -> a
    52:52:void <init>(org.pcap4j.packet.factory.StaticIpV4OptionFactory) -> <init>
    55:55:org.pcap4j.packet.IpV4Packet$IpV4Option newInstance(byte[],int,int) -> a
    59:59:java.lang.Class getTargetClass() -> a
org.pcap4j.packet.factory.StaticIpV4OptionFactory$3 -> org.a.b.a.o$3:
    org.pcap4j.packet.factory.StaticIpV4OptionFactory this$0 -> a
    64:64:void <init>(org.pcap4j.packet.factory.StaticIpV4OptionFactory) -> <init>
    67:67:org.pcap4j.packet.IpV4Packet$IpV4Option newInstance(byte[],int,int) -> a
    71:71:java.lang.Class getTargetClass() -> a
org.pcap4j.packet.factory.StaticIpV4OptionFactory$4 -> org.a.b.a.o$4:
    org.pcap4j.packet.factory.StaticIpV4OptionFactory this$0 -> a
    76:76:void <init>(org.pcap4j.packet.factory.StaticIpV4OptionFactory) -> <init>
    79:79:org.pcap4j.packet.IpV4Packet$IpV4Option newInstance(byte[],int,int) -> a
    83:83:java.lang.Class getTargetClass() -> a
org.pcap4j.packet.factory.StaticIpV4OptionFactory$5 -> org.a.b.a.o$5:
    org.pcap4j.packet.factory.StaticIpV4OptionFactory this$0 -> a
    88:88:void <init>(org.pcap4j.packet.factory.StaticIpV4OptionFactory) -> <init>
    91:91:org.pcap4j.packet.IpV4Packet$IpV4Option newInstance(byte[],int,int) -> a
    95:95:java.lang.Class getTargetClass() -> a
org.pcap4j.packet.factory.StaticIpV4OptionFactory$6 -> org.a.b.a.o$6:
    org.pcap4j.packet.factory.StaticIpV4OptionFactory this$0 -> a
    100:100:void <init>(org.pcap4j.packet.factory.StaticIpV4OptionFactory) -> <init>
    103:103:org.pcap4j.packet.IpV4Packet$IpV4Option newInstance(byte[],int,int) -> a
    107:107:java.lang.Class getTargetClass() -> a
org.pcap4j.packet.factory.StaticIpV4OptionFactory$7 -> org.a.b.a.o$7:
    org.pcap4j.packet.factory.StaticIpV4OptionFactory this$0 -> a
    112:112:void <init>(org.pcap4j.packet.factory.StaticIpV4OptionFactory) -> <init>
    115:115:org.pcap4j.packet.IpV4Packet$IpV4Option newInstance(byte[],int,int) -> a
    119:119:java.lang.Class getTargetClass() -> a
org.pcap4j.packet.factory.StaticIpV4OptionFactory$8 -> org.a.b.a.o$8:
    org.pcap4j.packet.factory.StaticIpV4OptionFactory this$0 -> a
    124:124:void <init>(org.pcap4j.packet.factory.StaticIpV4OptionFactory) -> <init>
    127:127:org.pcap4j.packet.IpV4Packet$IpV4Option newInstance(byte[],int,int) -> a
    131:131:java.lang.Class getTargetClass() -> a
org.pcap4j.packet.factory.StaticIpV4OptionFactory$Instantiater -> org.a.b.a.o$a:
    org.pcap4j.packet.IpV4Packet$IpV4Option newInstance(byte[],int,int) -> a
    java.lang.Class getTargetClass() -> a